<?xml version="1.0" encoding="UTF-8"?>
<!-- Generated by org.testng.reporters.JUnitReportReporter -->
<testsuite skipped="0" hostname="BLRDRIGWN24024" name="com.test.DigitalGM" tests="1" failures="0" timestamp="2020-03-04T10:42:41 IST" time="48.154" errors="0">
  <testcase name="DigitalGM_Test" time="48.154" classname="com.test.DigitalGM"/>
  <system-out/>
</testsuite> <!-- com.test.DigitalGM -->
